(rpichon)Running: start_machine		[ exec-time = 0.000 ms ]
(rpichon)Running: boil_water		[ exec-time = 0.000 ms ]
(rpichon)Running: make_coffee		[ exec-time = 2.006 ms ]
(rpichon)Running: start_machine		[ exec-time = 0.000 ms ]
(rpichon)Running: boil_water		[ exec-time = 0.000 ms ]
(rpichon)Running: make_coffee		[ exec-time = 2.006 ms ]
(rpichon)Running: start_machine		[ exec-time = 0.000 ms ]
(rpichon)Running: boil_water		[ exec-time = 0.000 ms ]
(rpichon)Running: make_coffee		[ exec-time = 2.007 ms ]
(rpichon)Running: start_machine		[ exec-time = 0.000 ms ]
(rpichon)Running: boil_water		[ exec-time = 0.000 ms ]
(rpichon)Running: make_coffee		[ exec-time = 2.006 ms ]
(rpichon)Running: start_machine		[ exec-time = 0.000 ms ]
(rpichon)Running: make_coffee		[ exec-time = 0.000 ms ]
(rpichon)Running: start_machine		[ exec-time = 0.000 ms ]
(rpichon)Running: make_coffee		[ exec-time = 0.000 ms ]
(rpichon)Running: add_water		[ exec-time = 5.002 ms ]
(rpichon)Running: start_machine		[ exec_time = 0.000 ms ]
(rpichon)Running: boil_water		[ exec_time = 0.000 ms ]
(rpichon)Running: make_coffee		[ exec_time = 2.005 ms ]
(rpichon)Running: start_machine		[ exec_time = 0.000 ms ]
(rpichon)Running: boil_water		[ exec_time = 0.000 ms ]
(rpichon)Running: make_coffee		[ exec_time = 2.004 ms ]
(rpichon)Running: start_machine		[ exec_time = 0.000 ms ]
(rpichon)Running: boil_water		[ exec_time = 0.000 ms ]
(rpichon)Running: make_coffee		[ exec_time = 2.007 ms ]
(rpichon)Running: start_machine		[ exec_time = 0.000 ms ]
(rpichon)Running: boil_water		[ exec_time = 0.000 ms ]
(rpichon)Running: make_coffee		[ exec_time = 2.005 ms ]
(rpichon)Running: start_machine		[ exec_time = 0.000 ms ]
(rpichon)Running: make_coffee		[ exec_time = 0.000 ms ]
(rpichon)Running: start_machine		[ exec_time = 0.000 ms ]
(rpichon)Running: make_coffee		[ exec_time = 0.000 ms ]
(rpichon)Running: add_water		[ exec_time = 2.002 ms ]
